<?xml version="1.0" encoding="UTF-8"?>
<testng-results skipped="0" failed="0" total="2" passed="2">
  <reporter-output>
  </reporter-output>
  <suite name="Default suite" duration-ms="28310" started-at="2019-04-08T08:58:29Z" finished-at="2019-04-08T08:58:57Z">
    <groups>
    </groups>
    <test name="Default test" duration-ms="28310" started-at="2019-04-08T08:58:29Z" finished-at="2019-04-08T08:58:57Z">
      <class name="seleniumAlltests.Guru99Test">
        <test-method status="PASS" signature="Login()[pri:0, instance:seleniumAlltests.Guru99Test@58651fd0]" name="Login" duration-ms="28269" started-at="2019-04-08T14:28:29Z" finished-at="2019-04-08T14:28:57Z">
          <reporter-output>
          </reporter-output>
        </test-method> <!-- Login -->
        <test-method status="PASS" signature="TestToFail()[pri:0, instance:seleniumAlltests.Guru99Test@58651fd0]" name="TestToFail" duration-ms="7" started-at="2019-04-08T14:28:57Z" finished-at="2019-04-08T14:28:57Z">
          <reporter-output>
          </reporter-output>
        </test-method> <!-- TestToFail -->
      </class> <!-- seleniumAlltests.Guru99Test -->
    </test> <!-- Default test -->
  </suite> <!-- Default suite -->
</testng-results>
